  App1.cpp
D:\CMP 400\Feasibility\Submission\Extra Artifacts\Demo\E1_SimpleTerrain\App1.cpp(459,43): warning C4244: 'argument': conversion from 'int' to 'float', possible loss of data
D:\CMP 400\Feasibility\Submission\Extra Artifacts\Demo\E1_SimpleTerrain\App1.cpp(460,63): warning C4244: 'argument': conversion from 'double' to 'float', possible loss of data
D:\CMP 400\Feasibility\Submission\Extra Artifacts\Demo\E1_SimpleTerrain\App1.cpp(460,44): warning C4244: 'argument': conversion from 'int' to 'float', possible loss of data
D:\CMP 400\Feasibility\Submission\Extra Artifacts\Demo\E1_SimpleTerrain\App1.cpp(623,49): warning C4244: 'argument': conversion from 'double' to 'float', possible loss of data
D:\CMP 400\Feasibility\Submission\Extra Artifacts\Demo\E1_SimpleTerrain\App1.cpp(624,59): warning C4244: 'argument': conversion from 'double' to 'float', possible loss of data
D:\CMP 400\Feasibility\Submission\Extra Artifacts\Demo\E1_SimpleTerrain\App1.cpp(624,31): warning C4244: 'argument': conversion from 'int' to 'float', possible loss of data
D:\CMP 400\Feasibility\Submission\Extra Artifacts\Demo\E1_SimpleTerrain\App1.cpp(684,49): warning C4244: 'argument': conversion from 'double' to 'float', possible loss of data
D:\CMP 400\Feasibility\Submission\Extra Artifacts\Demo\E1_SimpleTerrain\App1.cpp(685,59): warning C4244: 'argument': conversion from 'double' to 'float', possible loss of data
D:\CMP 400\Feasibility\Submission\Extra Artifacts\Demo\E1_SimpleTerrain\App1.cpp(685,31): warning C4244: 'argument': conversion from 'int' to 'float', possible loss of data
D:\CMP 400\Feasibility\Submission\Extra Artifacts\Demo\E1_SimpleTerrain\App1.cpp(839,43): warning C4244: 'argument': conversion from 'int' to 'float', possible loss of data
D:\CMP 400\Feasibility\Submission\Extra Artifacts\Demo\E1_SimpleTerrain\App1.cpp(840,63): warning C4244: 'argument': conversion from 'double' to 'float', possible loss of data
D:\CMP 400\Feasibility\Submission\Extra Artifacts\Demo\E1_SimpleTerrain\App1.cpp(840,44): warning C4244: 'argument': conversion from 'int' to 'float', possible loss of data
D:\CMP 400\Feasibility\Submission\Extra Artifacts\Demo\E1_SimpleTerrain\App1.cpp(1048,49): warning C4244: 'argument': conversion from 'int' to 'float', possible loss of data
D:\CMP 400\Feasibility\Submission\Extra Artifacts\Demo\E1_SimpleTerrain\App1.cpp(1049,58): warning C4244: 'argument': conversion from 'double' to 'float', possible loss of data
D:\CMP 400\Feasibility\Submission\Extra Artifacts\Demo\E1_SimpleTerrain\App1.cpp(1049,30): warning C4244: 'argument': conversion from 'int' to 'float', possible loss of data
D:\CMP 400\Feasibility\Submission\Extra Artifacts\Demo\E1_SimpleTerrain\App1.cpp(1058,32): warning C4244: 'argument': conversion from 'double' to 'float', possible loss of data
D:\CMP 400\Feasibility\Submission\Extra Artifacts\Demo\E1_SimpleTerrain\App1.cpp(1070,32): warning C4244: 'argument': conversion from 'double' to 'float', possible loss of data
D:\CMP 400\Feasibility\Submission\Extra Artifacts\Demo\E1_SimpleTerrain\App1.cpp(1081,32): warning C4244: 'argument': conversion from 'double' to 'float', possible loss of data
D:\CMP 400\Feasibility\Submission\Extra Artifacts\Demo\E1_SimpleTerrain\App1.cpp(1092,32): warning C4244: 'argument': conversion from 'double' to 'float', possible loss of data
D:\CMP 400\Feasibility\Submission\Extra Artifacts\Demo\E1_SimpleTerrain\App1.cpp(1119,32): warning C4244: 'argument': conversion from 'double' to 'float', possible loss of data
D:\CMP 400\Feasibility\Submission\Extra Artifacts\Demo\E1_SimpleTerrain\App1.cpp(1130,32): warning C4244: 'argument': conversion from 'double' to 'float', possible loss of data
D:\CMP 400\Feasibility\Submission\Extra Artifacts\Demo\E1_SimpleTerrain\App1.cpp(1141,32): warning C4244: 'argument': conversion from 'double' to 'float', possible loss of data
D:\CMP 400\Feasibility\Submission\Extra Artifacts\Demo\E1_SimpleTerrain\App1.cpp(1169,32): warning C4244: 'argument': conversion from 'double' to 'float', possible loss of data
D:\CMP 400\Feasibility\Submission\Extra Artifacts\Demo\E1_SimpleTerrain\App1.cpp(1232,49): warning C4244: 'argument': conversion from 'int' to 'float', possible loss of data
D:\CMP 400\Feasibility\Submission\Extra Artifacts\Demo\E1_SimpleTerrain\App1.cpp(1233,58): warning C4244: 'argument': conversion from 'double' to 'float', possible loss of data
D:\CMP 400\Feasibility\Submission\Extra Artifacts\Demo\E1_SimpleTerrain\App1.cpp(1233,30): warning C4244: 'argument': conversion from 'int' to 'float', possible loss of data
D:\CMP 400\Feasibility\Submission\Extra Artifacts\Demo\E1_SimpleTerrain\App1.cpp(1368,49): warning C4244: 'argument': conversion from 'int' to 'float', possible loss of data
D:\CMP 400\Feasibility\Submission\Extra Artifacts\Demo\E1_SimpleTerrain\App1.cpp(1369,58): warning C4244: 'argument': conversion from 'double' to 'float', possible loss of data
D:\CMP 400\Feasibility\Submission\Extra Artifacts\Demo\E1_SimpleTerrain\App1.cpp(1369,30): warning C4244: 'argument': conversion from 'int' to 'float', possible loss of data
D:\CMP 400\Feasibility\Submission\Extra Artifacts\Demo\E1_SimpleTerrain\App1.cpp(1378,32): warning C4244: 'argument': conversion from 'double' to 'float', possible loss of data
D:\CMP 400\Feasibility\Submission\Extra Artifacts\Demo\E1_SimpleTerrain\App1.cpp(1407,32): warning C4244: 'argument': conversion from 'double' to 'float', possible loss of data
D:\CMP 400\Feasibility\Submission\Extra Artifacts\Demo\E1_SimpleTerrain\App1.cpp(1426,32): warning C4244: 'argument': conversion from 'double' to 'float', possible loss of data
D:\CMP 400\Feasibility\Submission\Extra Artifacts\Demo\E1_SimpleTerrain\App1.cpp(1445,32): warning C4244: 'argument': conversion from 'double' to 'float', possible loss of data
D:\CMP 400\Feasibility\Submission\Extra Artifacts\Demo\E1_SimpleTerrain\App1.cpp(1464,32): warning C4244: 'argument': conversion from 'double' to 'float', possible loss of data
D:\CMP 400\Feasibility\Submission\Extra Artifacts\Demo\E1_SimpleTerrain\App1.cpp(1498,31): warning C4244: 'argument': conversion from 'double' to 'float', possible loss of data
D:\CMP 400\Feasibility\Submission\Extra Artifacts\Demo\E1_SimpleTerrain\App1.cpp(1527,31): warning C4244: 'argument': conversion from 'double' to 'float', possible loss of data
D:\CMP 400\Feasibility\Submission\Extra Artifacts\Demo\E1_SimpleTerrain\App1.cpp(1590,49): warning C4244: 'argument': conversion from 'int' to 'float', possible loss of data
D:\CMP 400\Feasibility\Submission\Extra Artifacts\Demo\E1_SimpleTerrain\App1.cpp(1591,58): warning C4244: 'argument': conversion from 'double' to 'float', possible loss of data
D:\CMP 400\Feasibility\Submission\Extra Artifacts\Demo\E1_SimpleTerrain\App1.cpp(1591,30): warning C4244: 'argument': conversion from 'int' to 'float', possible loss of data
D:\CMP 400\Feasibility\Submission\Extra Artifacts\Demo\E1_SimpleTerrain\App1.cpp(1814,49): warning C4244: 'argument': conversion from 'int' to 'float', possible loss of data
D:\CMP 400\Feasibility\Submission\Extra Artifacts\Demo\E1_SimpleTerrain\App1.cpp(1815,58): warning C4244: 'argument': conversion from 'double' to 'float', possible loss of data
D:\CMP 400\Feasibility\Submission\Extra Artifacts\Demo\E1_SimpleTerrain\App1.cpp(1815,30): warning C4244: 'argument': conversion from 'int' to 'float', possible loss of data
D:\CMP 400\Feasibility\Submission\Extra Artifacts\Demo\E1_SimpleTerrain\App1.cpp(1824,32): warning C4244: 'argument': conversion from 'double' to 'float', possible loss of data
D:\CMP 400\Feasibility\Submission\Extra Artifacts\Demo\E1_SimpleTerrain\App1.cpp(1853,32): warning C4244: 'argument': conversion from 'double' to 'float', possible loss of data
D:\CMP 400\Feasibility\Submission\Extra Artifacts\Demo\E1_SimpleTerrain\App1.cpp(1874,32): warning C4244: 'argument': conversion from 'double' to 'float', possible loss of data
D:\CMP 400\Feasibility\Submission\Extra Artifacts\Demo\E1_SimpleTerrain\App1.cpp(1893,32): warning C4244: 'argument': conversion from 'double' to 'float', possible loss of data
D:\CMP 400\Feasibility\Submission\Extra Artifacts\Demo\E1_SimpleTerrain\App1.cpp(1912,32): warning C4244: 'argument': conversion from 'double' to 'float', possible loss of data
D:\CMP 400\Feasibility\Submission\Extra Artifacts\Demo\E1_SimpleTerrain\App1.cpp(1931,32): warning C4244: 'argument': conversion from 'double' to 'float', possible loss of data
D:\CMP 400\Feasibility\Submission\Extra Artifacts\Demo\E1_SimpleTerrain\App1.cpp(1951,32): warning C4244: 'argument': conversion from 'double' to 'float', possible loss of data
D:\CMP 400\Feasibility\Submission\Extra Artifacts\Demo\E1_SimpleTerrain\App1.cpp(2023,49): warning C4244: 'argument': conversion from 'int' to 'float', possible loss of data
D:\CMP 400\Feasibility\Submission\Extra Artifacts\Demo\E1_SimpleTerrain\App1.cpp(2024,58): warning C4244: 'argument': conversion from 'double' to 'float', possible loss of data
D:\CMP 400\Feasibility\Submission\Extra Artifacts\Demo\E1_SimpleTerrain\App1.cpp(2024,30): warning C4244: 'argument': conversion from 'int' to 'float', possible loss of data
D:\CMP 400\Feasibility\Submission\Extra Artifacts\Demo\E1_SimpleTerrain\App1.cpp(2193,49): warning C4244: 'argument': conversion from 'int' to 'float', possible loss of data
D:\CMP 400\Feasibility\Submission\Extra Artifacts\Demo\E1_SimpleTerrain\App1.cpp(2194,58): warning C4244: 'argument': conversion from 'double' to 'float', possible loss of data
D:\CMP 400\Feasibility\Submission\Extra Artifacts\Demo\E1_SimpleTerrain\App1.cpp(2194,30): warning C4244: 'argument': conversion from 'int' to 'float', possible loss of data
D:\CMP 400\Feasibility\Submission\Extra Artifacts\Demo\E1_SimpleTerrain\App1.cpp(2202,32): warning C4244: 'argument': conversion from 'double' to 'float', possible loss of data
D:\CMP 400\Feasibility\Submission\Extra Artifacts\Demo\E1_SimpleTerrain\App1.cpp(2214,32): warning C4244: 'argument': conversion from 'double' to 'float', possible loss of data
D:\CMP 400\Feasibility\Submission\Extra Artifacts\Demo\E1_SimpleTerrain\App1.cpp(2233,32): warning C4244: 'argument': conversion from 'double' to 'float', possible loss of data
D:\CMP 400\Feasibility\Submission\Extra Artifacts\Demo\E1_SimpleTerrain\App1.cpp(2244,32): warning C4244: 'argument': conversion from 'double' to 'float', possible loss of data
D:\CMP 400\Feasibility\Submission\Extra Artifacts\Demo\E1_SimpleTerrain\App1.cpp(2258,32): warning C4244: 'argument': conversion from 'double' to 'float', possible loss of data
D:\CMP 400\Feasibility\Submission\Extra Artifacts\Demo\E1_SimpleTerrain\App1.cpp(2275,32): warning C4244: 'argument': conversion from 'double' to 'float', possible loss of data
D:\CMP 400\Feasibility\Submission\Extra Artifacts\Demo\E1_SimpleTerrain\App1.cpp(2339,49): warning C4244: 'argument': conversion from 'int' to 'float', possible loss of data
D:\CMP 400\Feasibility\Submission\Extra Artifacts\Demo\E1_SimpleTerrain\App1.cpp(2340,58): warning C4244: 'argument': conversion from 'double' to 'float', possible loss of data
D:\CMP 400\Feasibility\Submission\Extra Artifacts\Demo\E1_SimpleTerrain\App1.cpp(2340,30): warning C4244: 'argument': conversion from 'int' to 'float', possible loss of data
D:\CMP 400\Feasibility\Submission\Extra Artifacts\Demo\E1_SimpleTerrain\App1.cpp(2434,48): warning C4244: 'argument': conversion from 'double' to 'float', possible loss of data
D:\CMP 400\Feasibility\Submission\Extra Artifacts\Demo\E1_SimpleTerrain\App1.cpp(2435,58): warning C4244: 'argument': conversion from 'double' to 'float', possible loss of data
D:\CMP 400\Feasibility\Submission\Extra Artifacts\Demo\E1_SimpleTerrain\App1.cpp(2435,30): warning C4244: 'argument': conversion from 'int' to 'float', possible loss of data
D:\CMP 400\Feasibility\Submission\Extra Artifacts\Demo\E1_SimpleTerrain\App1.cpp(2498,32): warning C4244: 'argument': conversion from 'double' to 'float', possible loss of data
D:\CMP 400\Feasibility\Submission\Extra Artifacts\Demo\E1_SimpleTerrain\App1.cpp(2512,32): warning C4244: 'argument': conversion from 'double' to 'float', possible loss of data
D:\CMP 400\Feasibility\Submission\Extra Artifacts\Demo\E1_SimpleTerrain\App1.cpp(2527,32): warning C4244: 'argument': conversion from 'double' to 'float', possible loss of data
D:\CMP 400\Feasibility\Submission\Extra Artifacts\Demo\E1_SimpleTerrain\App1.cpp(2541,32): warning C4244: 'argument': conversion from 'double' to 'float', possible loss of data
D:\CMP 400\Feasibility\Submission\Extra Artifacts\Demo\E1_SimpleTerrain\App1.cpp(2555,32): warning C4244: 'argument': conversion from 'double' to 'float', possible loss of data
D:\CMP 400\Feasibility\Submission\Extra Artifacts\Demo\E1_SimpleTerrain\App1.cpp(2569,32): warning C4244: 'argument': conversion from 'double' to 'float', possible loss of data
D:\CMP 400\Feasibility\Submission\Extra Artifacts\Demo\E1_SimpleTerrain\App1.cpp(2583,32): warning C4244: 'argument': conversion from 'double' to 'float', possible loss of data
D:\CMP 400\Feasibility\Submission\Extra Artifacts\Demo\E1_SimpleTerrain\App1.cpp(2609,32): warning C4244: 'argument': conversion from 'double' to 'float', possible loss of data
D:\CMP 400\Feasibility\Submission\Extra Artifacts\Demo\E1_SimpleTerrain\App1.cpp(2624,32): warning C4244: 'argument': conversion from 'double' to 'float', possible loss of data
D:\CMP 400\Feasibility\Submission\Extra Artifacts\Demo\E1_SimpleTerrain\App1.cpp(2639,32): warning C4244: 'argument': conversion from 'double' to 'float', possible loss of data
D:\CMP 400\Feasibility\Submission\Extra Artifacts\Demo\E1_SimpleTerrain\App1.cpp(2674,32): warning C4244: 'argument': conversion from 'double' to 'float', possible loss of data
D:\CMP 400\Feasibility\Submission\Extra Artifacts\Demo\E1_SimpleTerrain\App1.cpp(2688,32): warning C4244: 'argument': conversion from 'double' to 'float', possible loss of data
D:\CMP 400\Feasibility\Submission\Extra Artifacts\Demo\E1_SimpleTerrain\App1.cpp(2703,32): warning C4244: 'argument': conversion from 'double' to 'float', possible loss of data
D:\CMP 400\Feasibility\Submission\Extra Artifacts\Demo\E1_SimpleTerrain\App1.cpp(2729,32): warning C4244: 'argument': conversion from 'double' to 'float', possible loss of data
D:\CMP 400\Feasibility\Submission\Extra Artifacts\Demo\E1_SimpleTerrain\App1.cpp(2743,32): warning C4244: 'argument': conversion from 'double' to 'float', possible loss of data
D:\CMP 400\Feasibility\Submission\Extra Artifacts\Demo\E1_SimpleTerrain\App1.cpp(2772,48): warning C4244: 'argument': conversion from 'double' to 'float', possible loss of data
D:\CMP 400\Feasibility\Submission\Extra Artifacts\Demo\E1_SimpleTerrain\App1.cpp(2773,58): warning C4244: 'argument': conversion from 'double' to 'float', possible loss of data
D:\CMP 400\Feasibility\Submission\Extra Artifacts\Demo\E1_SimpleTerrain\App1.cpp(2773,30): warning C4244: 'argument': conversion from 'int' to 'float', possible loss of data
D:\CMP 400\Feasibility\Submission\Extra Artifacts\Demo\E1_SimpleTerrain\App1.cpp(2836,32): warning C4244: 'argument': conversion from 'double' to 'float', possible loss of data
D:\CMP 400\Feasibility\Submission\Extra Artifacts\Demo\E1_SimpleTerrain\App1.cpp(2850,32): warning C4244: 'argument': conversion from 'double' to 'float', possible loss of data
D:\CMP 400\Feasibility\Submission\Extra Artifacts\Demo\E1_SimpleTerrain\App1.cpp(2864,32): warning C4244: 'argument': conversion from 'double' to 'float', possible loss of data
D:\CMP 400\Feasibility\Submission\Extra Artifacts\Demo\E1_SimpleTerrain\App1.cpp(2879,32): warning C4244: 'argument': conversion from 'double' to 'float', possible loss of data
D:\CMP 400\Feasibility\Submission\Extra Artifacts\Demo\E1_SimpleTerrain\App1.cpp(2893,32): warning C4244: 'argument': conversion from 'double' to 'float', possible loss of data
D:\CMP 400\Feasibility\Submission\Extra Artifacts\Demo\E1_SimpleTerrain\App1.cpp(2907,32): warning C4244: 'argument': conversion from 'double' to 'float', possible loss of data
D:\CMP 400\Feasibility\Submission\Extra Artifacts\Demo\E1_SimpleTerrain\App1.cpp(2922,32): warning C4244: 'argument': conversion from 'double' to 'float', possible loss of data
D:\CMP 400\Feasibility\Submission\Extra Artifacts\Demo\E1_SimpleTerrain\App1.cpp(2939,32): warning C4244: 'argument': conversion from 'double' to 'float', possible loss of data
D:\CMP 400\Feasibility\Submission\Extra Artifacts\Demo\E1_SimpleTerrain\App1.cpp(2955,32): warning C4244: 'argument': conversion from 'double' to 'float', possible loss of data
D:\CMP 400\Feasibility\Submission\Extra Artifacts\Demo\E1_SimpleTerrain\App1.cpp(2982,32): warning C4244: 'argument': conversion from 'double' to 'float', possible loss of data
D:\CMP 400\Feasibility\Submission\Extra Artifacts\Demo\E1_SimpleTerrain\App1.cpp(2997,32): warning C4244: 'argument': conversion from 'double' to 'float', possible loss of data
D:\CMP 400\Feasibility\Submission\Extra Artifacts\Demo\E1_SimpleTerrain\App1.cpp(3012,33): warning C4244: 'argument': conversion from 'double' to 'float', possible loss of data
D:\CMP 400\Feasibility\Submission\Extra Artifacts\Demo\E1_SimpleTerrain\App1.cpp(3048,32): warning C4244: 'argument': conversion from 'double' to 'float', possible loss of data
D:\CMP 400\Feasibility\Submission\Extra Artifacts\Demo\E1_SimpleTerrain\App1.cpp(3062,32): warning C4244: 'argument': conversion from 'double' to 'float', possible loss of data
D:\CMP 400\Feasibility\Submission\Extra Artifacts\Demo\E1_SimpleTerrain\App1.cpp(3077,32): warning C4244: 'argument': conversion from 'double' to 'float', possible loss of data
D:\CMP 400\Feasibility\Submission\Extra Artifacts\Demo\E1_SimpleTerrain\App1.cpp(3103,32): warning C4244: 'argument': conversion from 'double' to 'float', possible loss of data
D:\CMP 400\Feasibility\Submission\Extra Artifacts\Demo\E1_SimpleTerrain\App1.cpp(3117,32): warning C4244: 'argument': conversion from 'double' to 'float', possible loss of data
D:\CMP 400\Feasibility\Submission\Extra Artifacts\Demo\E1_SimpleTerrain\App1.cpp(3147,48): warning C4244: 'argument': conversion from 'double' to 'float', possible loss of data
D:\CMP 400\Feasibility\Submission\Extra Artifacts\Demo\E1_SimpleTerrain\App1.cpp(3148,58): warning C4244: 'argument': conversion from 'double' to 'float', possible loss of data
D:\CMP 400\Feasibility\Submission\Extra Artifacts\Demo\E1_SimpleTerrain\App1.cpp(3148,30): warning C4244: 'argument': conversion from 'int' to 'float', possible loss of data
D:\CMP 400\Feasibility\Submission\Extra Artifacts\Demo\E1_SimpleTerrain\App1.cpp(3211,32): warning C4244: 'argument': conversion from 'double' to 'float', possible loss of data
D:\CMP 400\Feasibility\Submission\Extra Artifacts\Demo\E1_SimpleTerrain\App1.cpp(3225,32): warning C4244: 'argument': conversion from 'double' to 'float', possible loss of data
D:\CMP 400\Feasibility\Submission\Extra Artifacts\Demo\E1_SimpleTerrain\App1.cpp(3240,32): warning C4244: 'argument': conversion from 'double' to 'float', possible loss of data
D:\CMP 400\Feasibility\Submission\Extra Artifacts\Demo\E1_SimpleTerrain\App1.cpp(3255,32): warning C4244: 'argument': conversion from 'double' to 'float', possible loss of data
D:\CMP 400\Feasibility\Submission\Extra Artifacts\Demo\E1_SimpleTerrain\App1.cpp(3270,32): warning C4244: 'argument': conversion from 'double' to 'float', possible loss of data
D:\CMP 400\Feasibility\Submission\Extra Artifacts\Demo\E1_SimpleTerrain\App1.cpp(3284,32): warning C4244: 'argument': conversion from 'double' to 'float', possible loss of data
D:\CMP 400\Feasibility\Submission\Extra Artifacts\Demo\E1_SimpleTerrain\App1.cpp(3312,32): warning C4244: 'argument': conversion from 'double' to 'float', possible loss of data
D:\CMP 400\Feasibility\Submission\Extra Artifacts\Demo\E1_SimpleTerrain\App1.cpp(3327,32): warning C4244: 'argument': conversion from 'double' to 'float', possible loss of data
D:\CMP 400\Feasibility\Submission\Extra Artifacts\Demo\E1_SimpleTerrain\App1.cpp(3341,33): warning C4244: 'argument': conversion from 'double' to 'float', possible loss of data
D:\CMP 400\Feasibility\Submission\Extra Artifacts\Demo\E1_SimpleTerrain\App1.cpp(3377,32): warning C4244: 'argument': conversion from 'double' to 'float', possible loss of data
D:\CMP 400\Feasibility\Submission\Extra Artifacts\Demo\E1_SimpleTerrain\App1.cpp(3391,32): warning C4244: 'argument': conversion from 'double' to 'float', possible loss of data
D:\CMP 400\Feasibility\Submission\Extra Artifacts\Demo\E1_SimpleTerrain\App1.cpp(3418,32): warning C4244: 'argument': conversion from 'double' to 'float', possible loss of data
D:\CMP 400\Feasibility\Submission\Extra Artifacts\Demo\E1_SimpleTerrain\App1.cpp(3432,32): warning C4244: 'argument': conversion from 'double' to 'float', possible loss of data
D:\CMP 400\Feasibility\Submission\Extra Artifacts\Demo\E1_SimpleTerrain\App1.cpp(3462,48): warning C4244: 'argument': conversion from 'double' to 'float', possible loss of data
D:\CMP 400\Feasibility\Submission\Extra Artifacts\Demo\E1_SimpleTerrain\App1.cpp(3463,58): warning C4244: 'argument': conversion from 'double' to 'float', possible loss of data
D:\CMP 400\Feasibility\Submission\Extra Artifacts\Demo\E1_SimpleTerrain\App1.cpp(3463,30): warning C4244: 'argument': conversion from 'int' to 'float', possible loss of data
D:\CMP 400\Feasibility\Submission\Extra Artifacts\Demo\E1_SimpleTerrain\App1.cpp(3526,32): warning C4244: 'argument': conversion from 'double' to 'float', possible loss of data
D:\CMP 400\Feasibility\Submission\Extra Artifacts\Demo\E1_SimpleTerrain\App1.cpp(3540,32): warning C4244: 'argument': conversion from 'double' to 'float', possible loss of data
D:\CMP 400\Feasibility\Submission\Extra Artifacts\Demo\E1_SimpleTerrain\App1.cpp(3554,32): warning C4244: 'argument': conversion from 'double' to 'float', possible loss of data
D:\CMP 400\Feasibility\Submission\Extra Artifacts\Demo\E1_SimpleTerrain\App1.cpp(3568,32): warning C4244: 'argument': conversion from 'double' to 'float', possible loss of data
D:\CMP 400\Feasibility\Submission\Extra Artifacts\Demo\E1_SimpleTerrain\App1.cpp(3582,32): warning C4244: 'argument': conversion from 'double' to 'float', possible loss of data
D:\CMP 400\Feasibility\Submission\Extra Artifacts\Demo\E1_SimpleTerrain\App1.cpp(3595,32): warning C4244: 'argument': conversion from 'double' to 'float', possible loss of data
D:\CMP 400\Feasibility\Submission\Extra Artifacts\Demo\E1_SimpleTerrain\App1.cpp(3623,32): warning C4244: 'argument': conversion from 'double' to 'float', possible loss of data
D:\CMP 400\Feasibility\Submission\Extra Artifacts\Demo\E1_SimpleTerrain\App1.cpp(3639,32): warning C4244: 'argument': conversion from 'double' to 'float', possible loss of data
D:\CMP 400\Feasibility\Submission\Extra Artifacts\Demo\E1_SimpleTerrain\App1.cpp(3653,33): warning C4244: 'argument': conversion from 'double' to 'float', possible loss of data
D:\CMP 400\Feasibility\Submission\Extra Artifacts\Demo\E1_SimpleTerrain\App1.cpp(3668,33): warning C4244: 'argument': conversion from 'double' to 'float', possible loss of data
D:\CMP 400\Feasibility\Submission\Extra Artifacts\Demo\E1_SimpleTerrain\App1.cpp(3703,32): warning C4244: 'argument': conversion from 'double' to 'float', possible loss of data
D:\CMP 400\Feasibility\Submission\Extra Artifacts\Demo\E1_SimpleTerrain\App1.cpp(3717,32): warning C4244: 'argument': conversion from 'double' to 'float', possible loss of data
D:\CMP 400\Feasibility\Submission\Extra Artifacts\Demo\E1_SimpleTerrain\App1.cpp(3731,32): warning C4244: 'argument': conversion from 'double' to 'float', possible loss of data
D:\CMP 400\Feasibility\Submission\Extra Artifacts\Demo\E1_SimpleTerrain\App1.cpp(3757,32): warning C4244: 'argument': conversion from 'double' to 'float', possible loss of data
  Main.cpp
  SampleTerrain.cpp
D:\CMP 400\Feasibility\Submission\Extra Artifacts\Demo\E1_SimpleTerrain\SampleTerrain.cpp(51,38): warning C4101: 'indexBufferDesc': unreferenced local variable
D:\CMP 400\Feasibility\Submission\Extra Artifacts\Demo\E1_SimpleTerrain\SampleTerrain.cpp(52,25): warning C4101: 'vertexData': unreferenced local variable
D:\CMP 400\Feasibility\Submission\Extra Artifacts\Demo\E1_SimpleTerrain\SampleTerrain.cpp(52,37): warning C4101: 'indexData': unreferenced local variable
D:\CMP 400\Feasibility\Submission\Extra Artifacts\Demo\E1_SimpleTerrain\SampleTerrain.cpp(51,20): warning C4101: 'vertexBufferDesc': unreferenced local variable
D:\CMP 400\Feasibility\Submission\Extra Artifacts\Demo\E1_SimpleTerrain\SampleTerrain.cpp(300,20): warning C4244: '=': conversion from 'int' to 'float', possible loss of data
D:\CMP 400\Feasibility\Submission\Extra Artifacts\Demo\E1_SimpleTerrain\SampleTerrain.cpp(382,81): warning C4244: '=': conversion from 'double' to 'float', possible loss of data
D:\CMP 400\Feasibility\Submission\Extra Artifacts\Demo\E1_SimpleTerrain\SampleTerrain.cpp(403,61): warning C4244: '=': conversion from 'int' to 'float', possible loss of data
D:\CMP 400\Feasibility\Submission\Extra Artifacts\Demo\E1_SimpleTerrain\SampleTerrain.cpp(404,61): warning C4244: '=': conversion from 'int' to 'float', possible loss of data
D:\CMP 400\Feasibility\Submission\Extra Artifacts\Demo\E1_SimpleTerrain\SampleTerrain.cpp(405,61): warning C4244: '=': conversion from 'int' to 'float', possible loss of data
D:\CMP 400\Feasibility\Submission\Extra Artifacts\Demo\E1_SimpleTerrain\SampleTerrain.cpp(406,61): warning C4244: '=': conversion from 'int' to 'float', possible loss of data
D:\CMP 400\Feasibility\Submission\Extra Artifacts\Demo\E1_SimpleTerrain\SampleTerrain.cpp(410,22): warning C4244: '=': conversion from 'float' to 'int', possible loss of data
D:\CMP 400\Feasibility\Submission\Extra Artifacts\Demo\E1_SimpleTerrain\SampleTerrain.cpp(411,22): warning C4244: '=': conversion from 'float' to 'int', possible loss of data
D:\CMP 400\Feasibility\Submission\Extra Artifacts\Demo\E1_SimpleTerrain\SampleTerrain.cpp(442,41): warning C4244: '+=': conversion from 'float' to 'int', possible loss of data
D:\CMP 400\Feasibility\Submission\Extra Artifacts\Demo\E1_SimpleTerrain\SampleTerrain.cpp(443,41): warning C4244: '+=': conversion from 'float' to 'int', possible loss of data
D:\CMP 400\Feasibility\Submission\Extra Artifacts\Demo\E1_SimpleTerrain\SampleTerrain.cpp(445,25): warning C4244: '=': conversion from 'float' to 'int', possible loss of data
D:\CMP 400\Feasibility\Submission\Extra Artifacts\Demo\E1_SimpleTerrain\SampleTerrain.cpp(450,40): warning C4244: '+=': conversion from 'float' to 'int', possible loss of data
D:\CMP 400\Feasibility\Submission\Extra Artifacts\Demo\E1_SimpleTerrain\SampleTerrain.cpp(451,40): warning C4244: '+=': conversion from 'float' to 'int', possible loss of data
D:\CMP 400\Feasibility\Submission\Extra Artifacts\Demo\E1_SimpleTerrain\SampleTerrain.cpp(456,22): warning C4244: '=': conversion from 'float' to 'int', possible loss of data
D:\CMP 400\Feasibility\Submission\Extra Artifacts\Demo\E1_SimpleTerrain\SampleTerrain.cpp(457,22): warning C4244: '=': conversion from 'float' to 'int', possible loss of data
D:\CMP 400\Feasibility\Submission\Extra Artifacts\Demo\E1_SimpleTerrain\SampleTerrain.cpp(574,41): warning C4244: '+=': conversion from 'float' to 'int', possible loss of data
D:\CMP 400\Feasibility\Submission\Extra Artifacts\Demo\E1_SimpleTerrain\SampleTerrain.cpp(575,41): warning C4244: '+=': conversion from 'float' to 'int', possible loss of data
D:\CMP 400\Feasibility\Submission\Extra Artifacts\Demo\E1_SimpleTerrain\SampleTerrain.cpp(577,25): warning C4244: '=': conversion from 'float' to 'int', possible loss of data
D:\CMP 400\Feasibility\Submission\Extra Artifacts\Demo\E1_SimpleTerrain\SampleTerrain.cpp(582,40): warning C4244: '+=': conversion from 'float' to 'int', possible loss of data
D:\CMP 400\Feasibility\Submission\Extra Artifacts\Demo\E1_SimpleTerrain\SampleTerrain.cpp(583,40): warning C4244: '+=': conversion from 'float' to 'int', possible loss of data
D:\CMP 400\Feasibility\Submission\Extra Artifacts\Demo\E1_SimpleTerrain\SampleTerrain.cpp(588,15): warning C4553: '==': result of expression not used; did you intend '='?
D:\CMP 400\Feasibility\Submission\Extra Artifacts\Demo\E1_SimpleTerrain\SampleTerrain.cpp(612,24): warning C4244: '=': conversion from 'double' to 'int', possible loss of data
D:\CMP 400\Feasibility\Submission\Extra Artifacts\Demo\E1_SimpleTerrain\SampleTerrain.cpp(616,50): warning C4244: '=': conversion from 'int' to 'float', possible loss of data
D:\CMP 400\Feasibility\Submission\Extra Artifacts\Demo\E1_SimpleTerrain\SampleTerrain.cpp(704,9): warning C4553: '==': result of expression not used; did you intend '='?
  TerrainMesh.cpp
D:\CMP 400\Feasibility\Submission\Extra Artifacts\Demo\E1_SimpleTerrain\TerrainMesh.cpp(51,38): warning C4101: 'indexBufferDesc': unreferenced local variable
D:\CMP 400\Feasibility\Submission\Extra Artifacts\Demo\E1_SimpleTerrain\TerrainMesh.cpp(52,25): warning C4101: 'vertexData': unreferenced local variable
D:\CMP 400\Feasibility\Submission\Extra Artifacts\Demo\E1_SimpleTerrain\TerrainMesh.cpp(52,37): warning C4101: 'indexData': unreferenced local variable
D:\CMP 400\Feasibility\Submission\Extra Artifacts\Demo\E1_SimpleTerrain\TerrainMesh.cpp(51,20): warning C4101: 'vertexBufferDesc': unreferenced local variable
D:\CMP 400\Feasibility\Submission\Extra Artifacts\Demo\E1_SimpleTerrain\TerrainMesh.cpp(291,21): warning C4244: '=': conversion from 'int' to 'float', possible loss of data
D:\CMP 400\Feasibility\Submission\Extra Artifacts\Demo\E1_SimpleTerrain\TerrainMesh.cpp(374,81): warning C4244: '=': conversion from 'double' to 'float', possible loss of data
D:\CMP 400\Feasibility\Submission\Extra Artifacts\Demo\E1_SimpleTerrain\TerrainMesh.cpp(398,62): warning C4244: '=': conversion from 'int' to 'float', possible loss of data
D:\CMP 400\Feasibility\Submission\Extra Artifacts\Demo\E1_SimpleTerrain\TerrainMesh.cpp(399,62): warning C4244: '=': conversion from 'int' to 'float', possible loss of data
D:\CMP 400\Feasibility\Submission\Extra Artifacts\Demo\E1_SimpleTerrain\TerrainMesh.cpp(400,62): warning C4244: '=': conversion from 'int' to 'float', possible loss of data
D:\CMP 400\Feasibility\Submission\Extra Artifacts\Demo\E1_SimpleTerrain\TerrainMesh.cpp(401,62): warning C4244: '=': conversion from 'int' to 'float', possible loss of data
D:\CMP 400\Feasibility\Submission\Extra Artifacts\Demo\E1_SimpleTerrain\TerrainMesh.cpp(405,23): warning C4244: '=': conversion from 'float' to 'int', possible loss of data
D:\CMP 400\Feasibility\Submission\Extra Artifacts\Demo\E1_SimpleTerrain\TerrainMesh.cpp(406,23): warning C4244: '=': conversion from 'float' to 'int', possible loss of data
D:\CMP 400\Feasibility\Submission\Extra Artifacts\Demo\E1_SimpleTerrain\TerrainMesh.cpp(437,42): warning C4244: '+=': conversion from 'float' to 'int', possible loss of data
D:\CMP 400\Feasibility\Submission\Extra Artifacts\Demo\E1_SimpleTerrain\TerrainMesh.cpp(438,42): warning C4244: '+=': conversion from 'float' to 'int', possible loss of data
D:\CMP 400\Feasibility\Submission\Extra Artifacts\Demo\E1_SimpleTerrain\TerrainMesh.cpp(440,26): warning C4244: '=': conversion from 'float' to 'int', possible loss of data
D:\CMP 400\Feasibility\Submission\Extra Artifacts\Demo\E1_SimpleTerrain\TerrainMesh.cpp(445,41): warning C4244: '+=': conversion from 'float' to 'int', possible loss of data
D:\CMP 400\Feasibility\Submission\Extra Artifacts\Demo\E1_SimpleTerrain\TerrainMesh.cpp(446,41): warning C4244: '+=': conversion from 'float' to 'int', possible loss of data
D:\CMP 400\Feasibility\Submission\Extra Artifacts\Demo\E1_SimpleTerrain\TerrainMesh.cpp(451,23): warning C4244: '=': conversion from 'float' to 'int', possible loss of data
D:\CMP 400\Feasibility\Submission\Extra Artifacts\Demo\E1_SimpleTerrain\TerrainMesh.cpp(452,23): warning C4244: '=': conversion from 'float' to 'int', possible loss of data
D:\CMP 400\Feasibility\Submission\Extra Artifacts\Demo\E1_SimpleTerrain\TerrainMesh.cpp(569,42): warning C4244: '+=': conversion from 'float' to 'int', possible loss of data
D:\CMP 400\Feasibility\Submission\Extra Artifacts\Demo\E1_SimpleTerrain\TerrainMesh.cpp(570,42): warning C4244: '+=': conversion from 'float' to 'int', possible loss of data
D:\CMP 400\Feasibility\Submission\Extra Artifacts\Demo\E1_SimpleTerrain\TerrainMesh.cpp(572,26): warning C4244: '=': conversion from 'float' to 'int', possible loss of data
D:\CMP 400\Feasibility\Submission\Extra Artifacts\Demo\E1_SimpleTerrain\TerrainMesh.cpp(577,41): warning C4244: '+=': conversion from 'float' to 'int', possible loss of data
D:\CMP 400\Feasibility\Submission\Extra Artifacts\Demo\E1_SimpleTerrain\TerrainMesh.cpp(578,41): warning C4244: '+=': conversion from 'float' to 'int', possible loss of data
D:\CMP 400\Feasibility\Submission\Extra Artifacts\Demo\E1_SimpleTerrain\TerrainMesh.cpp(583,16): warning C4553: '==': result of expression not used; did you intend '='?
D:\CMP 400\Feasibility\Submission\Extra Artifacts\Demo\E1_SimpleTerrain\TerrainMesh.cpp(607,24): warning C4244: '=': conversion from 'double' to 'int', possible loss of data
D:\CMP 400\Feasibility\Submission\Extra Artifacts\Demo\E1_SimpleTerrain\TerrainMesh.cpp(611,50): warning C4244: '=': conversion from 'int' to 'float', possible loss of data
D:\CMP 400\Feasibility\Submission\Extra Artifacts\Demo\E1_SimpleTerrain\TerrainMesh.cpp(683,9): warning C4553: '==': result of expression not used; did you intend '='?
  VideoDemo.cpp
D:\CMP 400\Feasibility\Submission\Extra Artifacts\Demo\E1_SimpleTerrain\VideoDemo.cpp(51,38): warning C4101: 'indexBufferDesc': unreferenced local variable
D:\CMP 400\Feasibility\Submission\Extra Artifacts\Demo\E1_SimpleTerrain\VideoDemo.cpp(52,25): warning C4101: 'vertexData': unreferenced local variable
D:\CMP 400\Feasibility\Submission\Extra Artifacts\Demo\E1_SimpleTerrain\VideoDemo.cpp(52,37): warning C4101: 'indexData': unreferenced local variable
D:\CMP 400\Feasibility\Submission\Extra Artifacts\Demo\E1_SimpleTerrain\VideoDemo.cpp(51,20): warning C4101: 'vertexBufferDesc': unreferenced local variable
D:\CMP 400\Feasibility\Submission\Extra Artifacts\Demo\E1_SimpleTerrain\VideoDemo.cpp(285,21): warning C4244: '=': conversion from 'int' to 'float', possible loss of data
D:\CMP 400\Feasibility\Submission\Extra Artifacts\Demo\E1_SimpleTerrain\VideoDemo.cpp(246,6): warning C4101: 'axis_': unreferenced local variable
D:\CMP 400\Feasibility\Submission\Extra Artifacts\Demo\E1_SimpleTerrain\VideoDemo.cpp(403,81): warning C4244: '=': conversion from 'double' to 'float', possible loss of data
D:\CMP 400\Feasibility\Submission\Extra Artifacts\Demo\E1_SimpleTerrain\VideoDemo.cpp(593,39): warning C4244: '+=': conversion from 'float' to 'int', possible loss of data
D:\CMP 400\Feasibility\Submission\Extra Artifacts\Demo\E1_SimpleTerrain\VideoDemo.cpp(594,39): warning C4244: '+=': conversion from 'float' to 'int', possible loss of data
D:\CMP 400\Feasibility\Submission\Extra Artifacts\Demo\E1_SimpleTerrain\VideoDemo.cpp(596,23): warning C4244: '=': conversion from 'float' to 'int', possible loss of data
D:\CMP 400\Feasibility\Submission\Extra Artifacts\Demo\E1_SimpleTerrain\VideoDemo.cpp(601,38): warning C4244: '+=': conversion from 'float' to 'int', possible loss of data
D:\CMP 400\Feasibility\Submission\Extra Artifacts\Demo\E1_SimpleTerrain\VideoDemo.cpp(602,38): warning C4244: '+=': conversion from 'float' to 'int', possible loss of data
D:\CMP 400\Feasibility\Submission\Extra Artifacts\Demo\E1_SimpleTerrain\VideoDemo.cpp(614,21): warning C4244: '=': conversion from 'float' to 'int', possible loss of data
D:\CMP 400\Feasibility\Submission\Extra Artifacts\Demo\E1_SimpleTerrain\VideoDemo.cpp(615,21): warning C4244: '=': conversion from 'float' to 'int', possible loss of data
D:\CMP 400\Feasibility\Submission\Extra Artifacts\Demo\E1_SimpleTerrain\VideoDemo.cpp(646,40): warning C4244: '+=': conversion from 'float' to 'int', possible loss of data
D:\CMP 400\Feasibility\Submission\Extra Artifacts\Demo\E1_SimpleTerrain\VideoDemo.cpp(647,40): warning C4244: '+=': conversion from 'float' to 'int', possible loss of data
D:\CMP 400\Feasibility\Submission\Extra Artifacts\Demo\E1_SimpleTerrain\VideoDemo.cpp(649,24): warning C4244: '=': conversion from 'float' to 'int', possible loss of data
D:\CMP 400\Feasibility\Submission\Extra Artifacts\Demo\E1_SimpleTerrain\VideoDemo.cpp(654,39): warning C4244: '+=': conversion from 'float' to 'int', possible loss of data
D:\CMP 400\Feasibility\Submission\Extra Artifacts\Demo\E1_SimpleTerrain\VideoDemo.cpp(655,39): warning C4244: '+=': conversion from 'float' to 'int', possible loss of data
D:\CMP 400\Feasibility\Submission\Extra Artifacts\Demo\E1_SimpleTerrain\VideoDemo.cpp(668,21): warning C4244: '=': conversion from 'float' to 'int', possible loss of data
D:\CMP 400\Feasibility\Submission\Extra Artifacts\Demo\E1_SimpleTerrain\VideoDemo.cpp(669,21): warning C4244: '=': conversion from 'float' to 'int', possible loss of data
D:\CMP 400\Feasibility\Submission\Extra Artifacts\Demo\E1_SimpleTerrain\VideoDemo.cpp(786,40): warning C4244: '+=': conversion from 'float' to 'int', possible loss of data
D:\CMP 400\Feasibility\Submission\Extra Artifacts\Demo\E1_SimpleTerrain\VideoDemo.cpp(787,40): warning C4244: '+=': conversion from 'float' to 'int', possible loss of data
D:\CMP 400\Feasibility\Submission\Extra Artifacts\Demo\E1_SimpleTerrain\VideoDemo.cpp(789,24): warning C4244: '=': conversion from 'float' to 'int', possible loss of data
D:\CMP 400\Feasibility\Submission\Extra Artifacts\Demo\E1_SimpleTerrain\VideoDemo.cpp(794,39): warning C4244: '+=': conversion from 'float' to 'int', possible loss of data
D:\CMP 400\Feasibility\Submission\Extra Artifacts\Demo\E1_SimpleTerrain\VideoDemo.cpp(795,39): warning C4244: '+=': conversion from 'float' to 'int', possible loss of data
D:\CMP 400\Feasibility\Submission\Extra Artifacts\Demo\E1_SimpleTerrain\VideoDemo.cpp(808,21): warning C4244: '=': conversion from 'float' to 'int', possible loss of data
D:\CMP 400\Feasibility\Submission\Extra Artifacts\Demo\E1_SimpleTerrain\VideoDemo.cpp(809,21): warning C4244: '=': conversion from 'float' to 'int', possible loss of data
D:\CMP 400\Feasibility\Submission\Extra Artifacts\Demo\E1_SimpleTerrain\VideoDemo.cpp(840,40): warning C4244: '+=': conversion from 'float' to 'int', possible loss of data
D:\CMP 400\Feasibility\Submission\Extra Artifacts\Demo\E1_SimpleTerrain\VideoDemo.cpp(841,40): warning C4244: '+=': conversion from 'float' to 'int', possible loss of data
D:\CMP 400\Feasibility\Submission\Extra Artifacts\Demo\E1_SimpleTerrain\VideoDemo.cpp(843,24): warning C4244: '=': conversion from 'float' to 'int', possible loss of data
D:\CMP 400\Feasibility\Submission\Extra Artifacts\Demo\E1_SimpleTerrain\VideoDemo.cpp(848,39): warning C4244: '+=': conversion from 'float' to 'int', possible loss of data
D:\CMP 400\Feasibility\Submission\Extra Artifacts\Demo\E1_SimpleTerrain\VideoDemo.cpp(849,39): warning C4244: '+=': conversion from 'float' to 'int', possible loss of data
D:\CMP 400\Feasibility\Submission\Extra Artifacts\Demo\E1_SimpleTerrain\VideoDemo.cpp(858,27): warning C4305: '=': truncation from 'double' to 'float'
D:\CMP 400\Feasibility\Submission\Extra Artifacts\Demo\E1_SimpleTerrain\VideoDemo.cpp(862,21): warning C4244: '=': conversion from 'float' to 'int', possible loss of data
D:\CMP 400\Feasibility\Submission\Extra Artifacts\Demo\E1_SimpleTerrain\VideoDemo.cpp(863,21): warning C4244: '=': conversion from 'float' to 'int', possible loss of data
D:\CMP 400\Feasibility\Submission\Extra Artifacts\Demo\E1_SimpleTerrain\VideoDemo.cpp(980,40): warning C4244: '+=': conversion from 'float' to 'int', possible loss of data
D:\CMP 400\Feasibility\Submission\Extra Artifacts\Demo\E1_SimpleTerrain\VideoDemo.cpp(981,40): warning C4244: '+=': conversion from 'float' to 'int', possible loss of data
D:\CMP 400\Feasibility\Submission\Extra Artifacts\Demo\E1_SimpleTerrain\VideoDemo.cpp(983,24): warning C4244: '=': conversion from 'float' to 'int', possible loss of data
D:\CMP 400\Feasibility\Submission\Extra Artifacts\Demo\E1_SimpleTerrain\VideoDemo.cpp(988,39): warning C4244: '+=': conversion from 'float' to 'int', possible loss of data
D:\CMP 400\Feasibility\Submission\Extra Artifacts\Demo\E1_SimpleTerrain\VideoDemo.cpp(989,39): warning C4244: '+=': conversion from 'float' to 'int', possible loss of data
D:\CMP 400\Feasibility\Submission\Extra Artifacts\Demo\E1_SimpleTerrain\VideoDemo.cpp(1004,22): warning C4244: '=': conversion from 'float' to 'int', possible loss of data
D:\CMP 400\Feasibility\Submission\Extra Artifacts\Demo\E1_SimpleTerrain\VideoDemo.cpp(1005,22): warning C4244: '=': conversion from 'float' to 'int', possible loss of data
D:\CMP 400\Feasibility\Submission\Extra Artifacts\Demo\E1_SimpleTerrain\VideoDemo.cpp(1032,31): warning C4244: '/=': conversion from 'double' to 'int', possible loss of data
D:\CMP 400\Feasibility\Submission\Extra Artifacts\Demo\E1_SimpleTerrain\VideoDemo.cpp(1036,41): warning C4244: '+=': conversion from 'float' to 'int', possible loss of data
D:\CMP 400\Feasibility\Submission\Extra Artifacts\Demo\E1_SimpleTerrain\VideoDemo.cpp(1037,41): warning C4244: '+=': conversion from 'float' to 'int', possible loss of data
D:\CMP 400\Feasibility\Submission\Extra Artifacts\Demo\E1_SimpleTerrain\VideoDemo.cpp(1039,25): warning C4244: '=': conversion from 'float' to 'int', possible loss of data
D:\CMP 400\Feasibility\Submission\Extra Artifacts\Demo\E1_SimpleTerrain\VideoDemo.cpp(1044,40): warning C4244: '+=': conversion from 'float' to 'int', possible loss of data
D:\CMP 400\Feasibility\Submission\Extra Artifacts\Demo\E1_SimpleTerrain\VideoDemo.cpp(1045,40): warning C4244: '+=': conversion from 'float' to 'int', possible loss of data
D:\CMP 400\Feasibility\Submission\Extra Artifacts\Demo\E1_SimpleTerrain\VideoDemo.cpp(1051,23): warning C4244: '=': conversion from 'float' to 'int', possible loss of data
D:\CMP 400\Feasibility\Submission\Extra Artifacts\Demo\E1_SimpleTerrain\VideoDemo.cpp(1052,23): warning C4244: '=': conversion from 'float' to 'int', possible loss of data
D:\CMP 400\Feasibility\Submission\Extra Artifacts\Demo\E1_SimpleTerrain\VideoDemo.cpp(1079,32): warning C4244: '/=': conversion from 'double' to 'int', possible loss of data
D:\CMP 400\Feasibility\Submission\Extra Artifacts\Demo\E1_SimpleTerrain\VideoDemo.cpp(1083,42): warning C4244: '+=': conversion from 'float' to 'int', possible loss of data
D:\CMP 400\Feasibility\Submission\Extra Artifacts\Demo\E1_SimpleTerrain\VideoDemo.cpp(1084,42): warning C4244: '+=': conversion from 'float' to 'int', possible loss of data
D:\CMP 400\Feasibility\Submission\Extra Artifacts\Demo\E1_SimpleTerrain\VideoDemo.cpp(1086,26): warning C4244: '=': conversion from 'float' to 'int', possible loss of data
D:\CMP 400\Feasibility\Submission\Extra Artifacts\Demo\E1_SimpleTerrain\VideoDemo.cpp(1091,41): warning C4244: '+=': conversion from 'float' to 'int', possible loss of data
D:\CMP 400\Feasibility\Submission\Extra Artifacts\Demo\E1_SimpleTerrain\VideoDemo.cpp(1092,41): warning C4244: '+=': conversion from 'float' to 'int', possible loss of data
D:\CMP 400\Feasibility\Submission\Extra Artifacts\Demo\E1_SimpleTerrain\VideoDemo.cpp(1097,23): warning C4244: '=': conversion from 'float' to 'int', possible loss of data
D:\CMP 400\Feasibility\Submission\Extra Artifacts\Demo\E1_SimpleTerrain\VideoDemo.cpp(1098,23): warning C4244: '=': conversion from 'float' to 'int', possible loss of data
D:\CMP 400\Feasibility\Submission\Extra Artifacts\Demo\E1_SimpleTerrain\VideoDemo.cpp(1211,32): warning C4244: '/=': conversion from 'double' to 'int', possible loss of data
D:\CMP 400\Feasibility\Submission\Extra Artifacts\Demo\E1_SimpleTerrain\VideoDemo.cpp(1215,42): warning C4244: '+=': conversion from 'float' to 'int', possible loss of data
D:\CMP 400\Feasibility\Submission\Extra Artifacts\Demo\E1_SimpleTerrain\VideoDemo.cpp(1216,42): warning C4244: '+=': conversion from 'float' to 'int', possible loss of data
D:\CMP 400\Feasibility\Submission\Extra Artifacts\Demo\E1_SimpleTerrain\VideoDemo.cpp(1218,26): warning C4244: '=': conversion from 'float' to 'int', possible loss of data
D:\CMP 400\Feasibility\Submission\Extra Artifacts\Demo\E1_SimpleTerrain\VideoDemo.cpp(1223,41): warning C4244: '+=': conversion from 'float' to 'int', possible loss of data
D:\CMP 400\Feasibility\Submission\Extra Artifacts\Demo\E1_SimpleTerrain\VideoDemo.cpp(1224,41): warning C4244: '+=': conversion from 'float' to 'int', possible loss of data
D:\CMP 400\Feasibility\Submission\Extra Artifacts\Demo\E1_SimpleTerrain\VideoDemo.cpp(1229,16): warning C4553: '==': result of expression not used; did you intend '='?
D:\CMP 400\Feasibility\Submission\Extra Artifacts\Demo\E1_SimpleTerrain\VideoDemo.cpp(1290,25): warning C4244: '=': conversion from 'double' to 'int', possible loss of data
D:\CMP 400\Feasibility\Submission\Extra Artifacts\Demo\E1_SimpleTerrain\VideoDemo.cpp(1294,55): warning C4244: '=': conversion from 'int' to 'float', possible loss of data
  Generating Code...
  E1_SimpleTerrain.vcxproj -> D:\CMP 400\Feasibility\Submission\Extra Artifacts\Demo\x64\Debug\E1_SimpleTerrain.exe
