  AModel.cpp
  BaseApplication.cpp
  BaseMesh.cpp
  BaseShader.cpp
  Camera.cpp
  CubeMesh.cpp
  D3D.cpp
  FPCamera.cpp
  imgui.cpp
  imgui_demo.cpp
  imgui_draw.cpp
  imgui_impl_dx11.cpp
  imgui_impl_win32.cpp
  Input.cpp
  Light.cpp
  Model.cpp
  OrthoMesh.cpp
  PlaneMesh.cpp
  PointMesh.cpp
  QuadMesh.cpp
  Compiling...
  RenderTexture.cpp
  ShadowMap.cpp
  SphereMesh.cpp
  System.cpp
  TessellationMesh.cpp
  TextureManager.cpp
  Timer.cpp
  TokenStream.cpp
  TriangleMesh.cpp
  DXFramework.vcxproj -> D:\CMP 400\Feasibility\Submission\Extra Artifacts\Demo\Release\DXFramework.lib
