  TerrainMesh.cpp
D:\CMP 400\Feasibility\Submission\Extra Artifacts\Demo\E1_SimpleTerrain\TerrainMesh.cpp(51,38): warning C4101: 'indexBufferDesc': unreferenced local variable
D:\CMP 400\Feasibility\Submission\Extra Artifacts\Demo\E1_SimpleTerrain\TerrainMesh.cpp(52,25): warning C4101: 'vertexData': unreferenced local variable
D:\CMP 400\Feasibility\Submission\Extra Artifacts\Demo\E1_SimpleTerrain\TerrainMesh.cpp(52,37): warning C4101: 'indexData': unreferenced local variable
D:\CMP 400\Feasibility\Submission\Extra Artifacts\Demo\E1_SimpleTerrain\TerrainMesh.cpp(51,20): warning C4101: 'vertexBufferDesc': unreferenced local variable
D:\CMP 400\Feasibility\Submission\Extra Artifacts\Demo\E1_SimpleTerrain\TerrainMesh.cpp(301,21): warning C4244: '=': conversion from 'int' to 'float', possible loss of data
D:\CMP 400\Feasibility\Submission\Extra Artifacts\Demo\E1_SimpleTerrain\TerrainMesh.cpp(329,28): warning C4244: '=': conversion from 'double' to 'float', possible loss of data
D:\CMP 400\Feasibility\Submission\Extra Artifacts\Demo\E1_SimpleTerrain\TerrainMesh.cpp(384,81): warning C4244: '=': conversion from 'double' to 'float', possible loss of data
D:\CMP 400\Feasibility\Submission\Extra Artifacts\Demo\E1_SimpleTerrain\TerrainMesh.cpp(406,62): warning C4244: '=': conversion from 'int' to 'float', possible loss of data
D:\CMP 400\Feasibility\Submission\Extra Artifacts\Demo\E1_SimpleTerrain\TerrainMesh.cpp(407,62): warning C4244: '=': conversion from 'int' to 'float', possible loss of data
D:\CMP 400\Feasibility\Submission\Extra Artifacts\Demo\E1_SimpleTerrain\TerrainMesh.cpp(408,62): warning C4244: '=': conversion from 'int' to 'float', possible loss of data
D:\CMP 400\Feasibility\Submission\Extra Artifacts\Demo\E1_SimpleTerrain\TerrainMesh.cpp(409,62): warning C4244: '=': conversion from 'int' to 'float', possible loss of data
D:\CMP 400\Feasibility\Submission\Extra Artifacts\Demo\E1_SimpleTerrain\TerrainMesh.cpp(413,23): warning C4244: '=': conversion from 'float' to 'int', possible loss of data
D:\CMP 400\Feasibility\Submission\Extra Artifacts\Demo\E1_SimpleTerrain\TerrainMesh.cpp(414,23): warning C4244: '=': conversion from 'float' to 'int', possible loss of data
D:\CMP 400\Feasibility\Submission\Extra Artifacts\Demo\E1_SimpleTerrain\TerrainMesh.cpp(445,42): warning C4244: '+=': conversion from 'float' to 'int', possible loss of data
D:\CMP 400\Feasibility\Submission\Extra Artifacts\Demo\E1_SimpleTerrain\TerrainMesh.cpp(446,42): warning C4244: '+=': conversion from 'float' to 'int', possible loss of data
D:\CMP 400\Feasibility\Submission\Extra Artifacts\Demo\E1_SimpleTerrain\TerrainMesh.cpp(448,26): warning C4244: '=': conversion from 'float' to 'int', possible loss of data
D:\CMP 400\Feasibility\Submission\Extra Artifacts\Demo\E1_SimpleTerrain\TerrainMesh.cpp(453,41): warning C4244: '+=': conversion from 'float' to 'int', possible loss of data
D:\CMP 400\Feasibility\Submission\Extra Artifacts\Demo\E1_SimpleTerrain\TerrainMesh.cpp(454,41): warning C4244: '+=': conversion from 'float' to 'int', possible loss of data
D:\CMP 400\Feasibility\Submission\Extra Artifacts\Demo\E1_SimpleTerrain\TerrainMesh.cpp(459,23): warning C4244: '=': conversion from 'float' to 'int', possible loss of data
D:\CMP 400\Feasibility\Submission\Extra Artifacts\Demo\E1_SimpleTerrain\TerrainMesh.cpp(460,23): warning C4244: '=': conversion from 'float' to 'int', possible loss of data
D:\CMP 400\Feasibility\Submission\Extra Artifacts\Demo\E1_SimpleTerrain\TerrainMesh.cpp(577,42): warning C4244: '+=': conversion from 'float' to 'int', possible loss of data
D:\CMP 400\Feasibility\Submission\Extra Artifacts\Demo\E1_SimpleTerrain\TerrainMesh.cpp(578,42): warning C4244: '+=': conversion from 'float' to 'int', possible loss of data
D:\CMP 400\Feasibility\Submission\Extra Artifacts\Demo\E1_SimpleTerrain\TerrainMesh.cpp(580,26): warning C4244: '=': conversion from 'float' to 'int', possible loss of data
D:\CMP 400\Feasibility\Submission\Extra Artifacts\Demo\E1_SimpleTerrain\TerrainMesh.cpp(585,41): warning C4244: '+=': conversion from 'float' to 'int', possible loss of data
D:\CMP 400\Feasibility\Submission\Extra Artifacts\Demo\E1_SimpleTerrain\TerrainMesh.cpp(586,41): warning C4244: '+=': conversion from 'float' to 'int', possible loss of data
D:\CMP 400\Feasibility\Submission\Extra Artifacts\Demo\E1_SimpleTerrain\TerrainMesh.cpp(591,16): warning C4553: '==': result of expression not used; did you intend '='?
D:\CMP 400\Feasibility\Submission\Extra Artifacts\Demo\E1_SimpleTerrain\TerrainMesh.cpp(618,24): warning C4244: '=': conversion from 'double' to 'int', possible loss of data
D:\CMP 400\Feasibility\Submission\Extra Artifacts\Demo\E1_SimpleTerrain\TerrainMesh.cpp(622,50): warning C4244: '=': conversion from 'int' to 'float', possible loss of data
  VideoDemo.cpp
D:\CMP 400\Feasibility\Submission\Extra Artifacts\Demo\E1_SimpleTerrain\VideoDemo.cpp(51,38): warning C4101: 'indexBufferDesc': unreferenced local variable
D:\CMP 400\Feasibility\Submission\Extra Artifacts\Demo\E1_SimpleTerrain\VideoDemo.cpp(52,25): warning C4101: 'vertexData': unreferenced local variable
D:\CMP 400\Feasibility\Submission\Extra Artifacts\Demo\E1_SimpleTerrain\VideoDemo.cpp(52,37): warning C4101: 'indexData': unreferenced local variable
D:\CMP 400\Feasibility\Submission\Extra Artifacts\Demo\E1_SimpleTerrain\VideoDemo.cpp(51,20): warning C4101: 'vertexBufferDesc': unreferenced local variable
D:\CMP 400\Feasibility\Submission\Extra Artifacts\Demo\E1_SimpleTerrain\VideoDemo.cpp(283,21): warning C4244: '=': conversion from 'int' to 'float', possible loss of data
D:\CMP 400\Feasibility\Submission\Extra Artifacts\Demo\E1_SimpleTerrain\VideoDemo.cpp(244,6): warning C4101: 'axis_': unreferenced local variable
D:\CMP 400\Feasibility\Submission\Extra Artifacts\Demo\E1_SimpleTerrain\VideoDemo.cpp(400,81): warning C4244: '=': conversion from 'double' to 'float', possible loss of data
D:\CMP 400\Feasibility\Submission\Extra Artifacts\Demo\E1_SimpleTerrain\VideoDemo.cpp(591,39): warning C4244: '+=': conversion from 'float' to 'int', possible loss of data
D:\CMP 400\Feasibility\Submission\Extra Artifacts\Demo\E1_SimpleTerrain\VideoDemo.cpp(592,39): warning C4244: '+=': conversion from 'float' to 'int', possible loss of data
D:\CMP 400\Feasibility\Submission\Extra Artifacts\Demo\E1_SimpleTerrain\VideoDemo.cpp(594,23): warning C4244: '=': conversion from 'float' to 'int', possible loss of data
D:\CMP 400\Feasibility\Submission\Extra Artifacts\Demo\E1_SimpleTerrain\VideoDemo.cpp(599,38): warning C4244: '+=': conversion from 'float' to 'int', possible loss of data
D:\CMP 400\Feasibility\Submission\Extra Artifacts\Demo\E1_SimpleTerrain\VideoDemo.cpp(600,38): warning C4244: '+=': conversion from 'float' to 'int', possible loss of data
D:\CMP 400\Feasibility\Submission\Extra Artifacts\Demo\E1_SimpleTerrain\VideoDemo.cpp(612,21): warning C4244: '=': conversion from 'float' to 'int', possible loss of data
D:\CMP 400\Feasibility\Submission\Extra Artifacts\Demo\E1_SimpleTerrain\VideoDemo.cpp(613,21): warning C4244: '=': conversion from 'float' to 'int', possible loss of data
D:\CMP 400\Feasibility\Submission\Extra Artifacts\Demo\E1_SimpleTerrain\VideoDemo.cpp(644,40): warning C4244: '+=': conversion from 'float' to 'int', possible loss of data
D:\CMP 400\Feasibility\Submission\Extra Artifacts\Demo\E1_SimpleTerrain\VideoDemo.cpp(645,40): warning C4244: '+=': conversion from 'float' to 'int', possible loss of data
D:\CMP 400\Feasibility\Submission\Extra Artifacts\Demo\E1_SimpleTerrain\VideoDemo.cpp(647,24): warning C4244: '=': conversion from 'float' to 'int', possible loss of data
D:\CMP 400\Feasibility\Submission\Extra Artifacts\Demo\E1_SimpleTerrain\VideoDemo.cpp(652,39): warning C4244: '+=': conversion from 'float' to 'int', possible loss of data
D:\CMP 400\Feasibility\Submission\Extra Artifacts\Demo\E1_SimpleTerrain\VideoDemo.cpp(653,39): warning C4244: '+=': conversion from 'float' to 'int', possible loss of data
D:\CMP 400\Feasibility\Submission\Extra Artifacts\Demo\E1_SimpleTerrain\VideoDemo.cpp(666,21): warning C4244: '=': conversion from 'float' to 'int', possible loss of data
D:\CMP 400\Feasibility\Submission\Extra Artifacts\Demo\E1_SimpleTerrain\VideoDemo.cpp(667,21): warning C4244: '=': conversion from 'float' to 'int', possible loss of data
D:\CMP 400\Feasibility\Submission\Extra Artifacts\Demo\E1_SimpleTerrain\VideoDemo.cpp(784,40): warning C4244: '+=': conversion from 'float' to 'int', possible loss of data
D:\CMP 400\Feasibility\Submission\Extra Artifacts\Demo\E1_SimpleTerrain\VideoDemo.cpp(785,40): warning C4244: '+=': conversion from 'float' to 'int', possible loss of data
D:\CMP 400\Feasibility\Submission\Extra Artifacts\Demo\E1_SimpleTerrain\VideoDemo.cpp(787,24): warning C4244: '=': conversion from 'float' to 'int', possible loss of data
D:\CMP 400\Feasibility\Submission\Extra Artifacts\Demo\E1_SimpleTerrain\VideoDemo.cpp(792,39): warning C4244: '+=': conversion from 'float' to 'int', possible loss of data
D:\CMP 400\Feasibility\Submission\Extra Artifacts\Demo\E1_SimpleTerrain\VideoDemo.cpp(793,39): warning C4244: '+=': conversion from 'float' to 'int', possible loss of data
D:\CMP 400\Feasibility\Submission\Extra Artifacts\Demo\E1_SimpleTerrain\VideoDemo.cpp(806,21): warning C4244: '=': conversion from 'float' to 'int', possible loss of data
D:\CMP 400\Feasibility\Submission\Extra Artifacts\Demo\E1_SimpleTerrain\VideoDemo.cpp(807,21): warning C4244: '=': conversion from 'float' to 'int', possible loss of data
D:\CMP 400\Feasibility\Submission\Extra Artifacts\Demo\E1_SimpleTerrain\VideoDemo.cpp(838,40): warning C4244: '+=': conversion from 'float' to 'int', possible loss of data
D:\CMP 400\Feasibility\Submission\Extra Artifacts\Demo\E1_SimpleTerrain\VideoDemo.cpp(839,40): warning C4244: '+=': conversion from 'float' to 'int', possible loss of data
D:\CMP 400\Feasibility\Submission\Extra Artifacts\Demo\E1_SimpleTerrain\VideoDemo.cpp(841,24): warning C4244: '=': conversion from 'float' to 'int', possible loss of data
D:\CMP 400\Feasibility\Submission\Extra Artifacts\Demo\E1_SimpleTerrain\VideoDemo.cpp(846,39): warning C4244: '+=': conversion from 'float' to 'int', possible loss of data
D:\CMP 400\Feasibility\Submission\Extra Artifacts\Demo\E1_SimpleTerrain\VideoDemo.cpp(847,39): warning C4244: '+=': conversion from 'float' to 'int', possible loss of data
D:\CMP 400\Feasibility\Submission\Extra Artifacts\Demo\E1_SimpleTerrain\VideoDemo.cpp(856,27): warning C4305: '=': truncation from 'double' to 'float'
D:\CMP 400\Feasibility\Submission\Extra Artifacts\Demo\E1_SimpleTerrain\VideoDemo.cpp(860,21): warning C4244: '=': conversion from 'float' to 'int', possible loss of data
D:\CMP 400\Feasibility\Submission\Extra Artifacts\Demo\E1_SimpleTerrain\VideoDemo.cpp(861,21): warning C4244: '=': conversion from 'float' to 'int', possible loss of data
D:\CMP 400\Feasibility\Submission\Extra Artifacts\Demo\E1_SimpleTerrain\VideoDemo.cpp(978,40): warning C4244: '+=': conversion from 'float' to 'int', possible loss of data
D:\CMP 400\Feasibility\Submission\Extra Artifacts\Demo\E1_SimpleTerrain\VideoDemo.cpp(979,40): warning C4244: '+=': conversion from 'float' to 'int', possible loss of data
D:\CMP 400\Feasibility\Submission\Extra Artifacts\Demo\E1_SimpleTerrain\VideoDemo.cpp(981,24): warning C4244: '=': conversion from 'float' to 'int', possible loss of data
D:\CMP 400\Feasibility\Submission\Extra Artifacts\Demo\E1_SimpleTerrain\VideoDemo.cpp(986,39): warning C4244: '+=': conversion from 'float' to 'int', possible loss of data
D:\CMP 400\Feasibility\Submission\Extra Artifacts\Demo\E1_SimpleTerrain\VideoDemo.cpp(987,39): warning C4244: '+=': conversion from 'float' to 'int', possible loss of data
D:\CMP 400\Feasibility\Submission\Extra Artifacts\Demo\E1_SimpleTerrain\VideoDemo.cpp(1002,22): warning C4244: '=': conversion from 'float' to 'int', possible loss of data
D:\CMP 400\Feasibility\Submission\Extra Artifacts\Demo\E1_SimpleTerrain\VideoDemo.cpp(1003,22): warning C4244: '=': conversion from 'float' to 'int', possible loss of data
D:\CMP 400\Feasibility\Submission\Extra Artifacts\Demo\E1_SimpleTerrain\VideoDemo.cpp(1030,31): warning C4244: '/=': conversion from 'double' to 'int', possible loss of data
D:\CMP 400\Feasibility\Submission\Extra Artifacts\Demo\E1_SimpleTerrain\VideoDemo.cpp(1034,41): warning C4244: '+=': conversion from 'float' to 'int', possible loss of data
D:\CMP 400\Feasibility\Submission\Extra Artifacts\Demo\E1_SimpleTerrain\VideoDemo.cpp(1035,41): warning C4244: '+=': conversion from 'float' to 'int', possible loss of data
D:\CMP 400\Feasibility\Submission\Extra Artifacts\Demo\E1_SimpleTerrain\VideoDemo.cpp(1037,25): warning C4244: '=': conversion from 'float' to 'int', possible loss of data
D:\CMP 400\Feasibility\Submission\Extra Artifacts\Demo\E1_SimpleTerrain\VideoDemo.cpp(1042,40): warning C4244: '+=': conversion from 'float' to 'int', possible loss of data
D:\CMP 400\Feasibility\Submission\Extra Artifacts\Demo\E1_SimpleTerrain\VideoDemo.cpp(1043,40): warning C4244: '+=': conversion from 'float' to 'int', possible loss of data
D:\CMP 400\Feasibility\Submission\Extra Artifacts\Demo\E1_SimpleTerrain\VideoDemo.cpp(1049,23): warning C4244: '=': conversion from 'float' to 'int', possible loss of data
D:\CMP 400\Feasibility\Submission\Extra Artifacts\Demo\E1_SimpleTerrain\VideoDemo.cpp(1050,23): warning C4244: '=': conversion from 'float' to 'int', possible loss of data
D:\CMP 400\Feasibility\Submission\Extra Artifacts\Demo\E1_SimpleTerrain\VideoDemo.cpp(1077,32): warning C4244: '/=': conversion from 'double' to 'int', possible loss of data
D:\CMP 400\Feasibility\Submission\Extra Artifacts\Demo\E1_SimpleTerrain\VideoDemo.cpp(1081,42): warning C4244: '+=': conversion from 'float' to 'int', possible loss of data
D:\CMP 400\Feasibility\Submission\Extra Artifacts\Demo\E1_SimpleTerrain\VideoDemo.cpp(1082,42): warning C4244: '+=': conversion from 'float' to 'int', possible loss of data
D:\CMP 400\Feasibility\Submission\Extra Artifacts\Demo\E1_SimpleTerrain\VideoDemo.cpp(1084,26): warning C4244: '=': conversion from 'float' to 'int', possible loss of data
D:\CMP 400\Feasibility\Submission\Extra Artifacts\Demo\E1_SimpleTerrain\VideoDemo.cpp(1089,41): warning C4244: '+=': conversion from 'float' to 'int', possible loss of data
D:\CMP 400\Feasibility\Submission\Extra Artifacts\Demo\E1_SimpleTerrain\VideoDemo.cpp(1090,41): warning C4244: '+=': conversion from 'float' to 'int', possible loss of data
D:\CMP 400\Feasibility\Submission\Extra Artifacts\Demo\E1_SimpleTerrain\VideoDemo.cpp(1095,23): warning C4244: '=': conversion from 'float' to 'int', possible loss of data
D:\CMP 400\Feasibility\Submission\Extra Artifacts\Demo\E1_SimpleTerrain\VideoDemo.cpp(1096,23): warning C4244: '=': conversion from 'float' to 'int', possible loss of data
D:\CMP 400\Feasibility\Submission\Extra Artifacts\Demo\E1_SimpleTerrain\VideoDemo.cpp(1209,32): warning C4244: '/=': conversion from 'double' to 'int', possible loss of data
D:\CMP 400\Feasibility\Submission\Extra Artifacts\Demo\E1_SimpleTerrain\VideoDemo.cpp(1213,42): warning C4244: '+=': conversion from 'float' to 'int', possible loss of data
D:\CMP 400\Feasibility\Submission\Extra Artifacts\Demo\E1_SimpleTerrain\VideoDemo.cpp(1214,42): warning C4244: '+=': conversion from 'float' to 'int', possible loss of data
D:\CMP 400\Feasibility\Submission\Extra Artifacts\Demo\E1_SimpleTerrain\VideoDemo.cpp(1216,26): warning C4244: '=': conversion from 'float' to 'int', possible loss of data
D:\CMP 400\Feasibility\Submission\Extra Artifacts\Demo\E1_SimpleTerrain\VideoDemo.cpp(1221,41): warning C4244: '+=': conversion from 'float' to 'int', possible loss of data
D:\CMP 400\Feasibility\Submission\Extra Artifacts\Demo\E1_SimpleTerrain\VideoDemo.cpp(1222,41): warning C4244: '+=': conversion from 'float' to 'int', possible loss of data
D:\CMP 400\Feasibility\Submission\Extra Artifacts\Demo\E1_SimpleTerrain\VideoDemo.cpp(1227,16): warning C4553: '==': result of expression not used; did you intend '='?
D:\CMP 400\Feasibility\Submission\Extra Artifacts\Demo\E1_SimpleTerrain\VideoDemo.cpp(1289,25): warning C4244: '=': conversion from 'double' to 'int', possible loss of data
D:\CMP 400\Feasibility\Submission\Extra Artifacts\Demo\E1_SimpleTerrain\VideoDemo.cpp(1293,55): warning C4244: '=': conversion from 'int' to 'float', possible loss of data
  Generating code
  1 of 1442 functions (<0.1%) were compiled, the rest were copied from previous compilation.
    0 functions were new in current compilation
    33 functions had inline decision re-evaluated but remain unchanged
  Finished generating code
  E1_SimpleTerrain.vcxproj -> D:\CMP 400\Feasibility\Submission\Extra Artifacts\Demo\x64\Release\E1_SimpleTerrain.exe
